{"logTime": "1106/045132", "correlationVector":"kMgDZjk26i63ZyYhoKm6cQ.1","action":"SyncServerConnectionManagerRequest", "result":"SYNC_SERVER_OK", "context":{"environment":"Prod_EastUS2_000e", "migrationStage":"NotStarted", "server":"GENERAL01000007"}}
{"logTime": "1106/045132", "correlationVector":"o+Djbzgl5IFIerUxw0gdk8","action":"SyncServerConnectionManagerRequest", "result":"SYNC_SERVER_OK", "context":{"environment":"", "migrationStage":"", "server":""}}
{"logTime": "1106/045132", "correlationVector":"kMgDZjk26i63ZyYhoKm6cQ","action":"Initial GetUpdates", "result":"", "context":Reason: NEW_CLIENT. cV=kMgDZjk26i63ZyYhoKm6cQ}
{"logTime": "1106/045132", "correlationVector":"kMgDZjk26i63ZyYhoKm6cQ.2","action":"GetUpdates Response", "result":"Success", "context":Received 1 update(s). cV=kMgDZjk26i63ZyYhoKm6cQ.0;server=GENERAL01000007;cloudType=Consumer;environment=Prod_EastUS2_000e;migrationStage=NotStarted}
{"logTime": "1106/045132", "correlationVector":"dMvY6gEiGJrw8l6EGhnU7i","action":"Initial GetUpdates", "result":"", "context":Reason: NEWLY_SUPPORTED_DATATYPE. cV=dMvY6gEiGJrw8l6EGhnU7i}
{"logTime": "1106/045133", "correlationVector":"dMvY6gEiGJrw8l6EGhnU7i.1","action":"SyncServerConnectionManagerRequest", "result":"SYNC_SERVER_OK", "context":{"environment":"Prod_EastUS2_000e", "migrationStage":"NotStarted", "server":"GENERAL01000015"}}
{"logTime": "1106/045133", "correlationVector":"dMvY6gEiGJrw8l6EGhnU7i.2","action":"GetUpdates Response", "result":"Success", "context":Received 42 update(s). cV=dMvY6gEiGJrw8l6EGhnU7i.0;server=GENERAL01000015;cloudType=Consumer;environment=Prod_EastUS2_000e;migrationStage=NotStarted}
{"logTime": "1106/045133", "correlationVector":"2S6zw0uDe4AH8aIauMTHAG","action":"Initial GetUpdates", "result":"", "context":Reason: NEWLY_SUPPORTED_DATATYPE. cV=2S6zw0uDe4AH8aIauMTHAG}
{"logTime": "1106/045133", "correlationVector":"2S6zw0uDe4AH8aIauMTHAG.1","action":"SyncServerConnectionManagerRequest", "result":"SYNC_SERVER_OK", "context":{"environment":"Prod_EastUS2_000e", "migrationStage":"NotStarted", "server":"GENERAL0100000R"}}
{"logTime": "1106/045133", "correlationVector":"2S6zw0uDe4AH8aIauMTHAG.2","action":"GetUpdates Response", "result":"Success", "context":Received 5 update(s). cV=2S6zw0uDe4AH8aIauMTHAG.0;server=GENERAL0100000R;cloudType=Consumer;environment=Prod_EastUS2_000e;migrationStage=NotStarted}
{"logTime": "1106/045133", "correlationVector":"DB4BQPoKgynAUqtn+Q/M/A","action":"Initial GetUpdates", "result":"", "context":Reason: NEWLY_SUPPORTED_DATATYPE. cV=DB4BQPoKgynAUqtn+Q/M/A}
{"logTime": "1106/045134", "correlationVector":"DB4BQPoKgynAUqtn+Q/M/A.1","action":"SyncServerConnectionManagerRequest", "result":"SYNC_SERVER_OK", "context":{"environment":"Prod_EastUS2_000e", "migrationStage":"NotStarted", "server":"GENERAL0100001K"}}
{"logTime": "1106/045134", "correlationVector":"DB4BQPoKgynAUqtn+Q/M/A.2","action":"GetUpdates Response", "result":"Success", "context":Received 3 update(s). cV=DB4BQPoKgynAUqtn+Q/M/A.0;server=GENERAL0100001K;cloudType=Consumer;environment=Prod_EastUS2_000e;migrationStage=NotStarted}
{"logTime": "1106/045134", "correlationVector":"fBtWTrlYGy8zTSglIG8Qsb","action":"Normal GetUpdate request", "result":"", "context":cV=fBtWTrlYGy8zTSglIG8Qsb
Nudged types: Preferences, Sessions, Device Info, User Consents
Refresh requested types: Bookmarks, Preferences, Passwords, Autofill Profiles, Autofill, Typed URLs, Extensions, Sessions, Extension settings, History Delete Directives, Device Info, User Consents, Send Tab To Self, Web Apps, Collection, Edge E Drop, Edge Hub App Usage, Edge Tab Group, Edge Wallet, Encryption Keys}
{"logTime": "1106/045134", "correlationVector":"fBtWTrlYGy8zTSglIG8Qsb.1","action":"SyncServerConnectionManagerRequest", "result":"SYNC_SERVER_OK", "context":{"environment":"Prod_EastUS2_000e", "migrationStage":"NotStarted", "server":"GENERAL01000028"}}
{"logTime": "1106/045134", "correlationVector":"fBtWTrlYGy8zTSglIG8Qsb.2","action":"GetUpdates Response", "result":"Success", "context":Received 0 update(s). cV=fBtWTrlYGy8zTSglIG8Qsb.0;server=GENERAL01000028;cloudType=Consumer;environment=Prod_EastUS2_000e;migrationStage=NotStarted}
{"logTime": "1106/045135", "correlationVector":"OrxiNDOxG4dUKCbs43bWnU","action":"Commit Request", "result":"", "context":Item count: 9
Contributing types: Preferences, Sessions, Device Info, User Consents}
{"logTime": "1106/045135", "correlationVector":"OrxiNDOxG4dUKCbs43bWnU.1","action":"SyncServerConnectionManagerRequest", "result":"SYNC_SERVER_OK", "context":{"environment":"Prod_EastUS2_000e", "migrationStage":"NotStarted", "server":"GENERAL01000004"}}
{"logTime": "1106/045135", "correlationVector":"OrxiNDOxG4dUKCbs43bWnU.2","action":"Commit Response", "result":"Success", "context":Result: Success. cV=OrxiNDOxG4dUKCbs43bWnU.0;server=GENERAL01000004;cloudType=Consumer;environment=Prod_EastUS2_000e;migrationStage=NotStarted}
{"logTime": "1106/045136", "correlationVector":"YcTLjef+sQDU8JZmrx3xT4","action":"Normal GetUpdate request", "result":"", "context":cV=YcTLjef+sQDU8JZmrx3xT4
Nudged types: Preferences, Sessions, Device Info}
{"logTime": "1106/045136", "correlationVector":"YcTLjef+sQDU8JZmrx3xT4.1","action":"SyncServerConnectionManagerRequest", "result":"SYNC_SERVER_OK", "context":{"environment":"Prod_EastUS2_000e", "migrationStage":"NotStarted", "server":"GENERAL0100002C"}}
{"logTime": "1106/045136", "correlationVector":"YcTLjef+sQDU8JZmrx3xT4.2","action":"GetUpdates Response", "result":"Success", "context":Received 7 update(s). cV=YcTLjef+sQDU8JZmrx3xT4.0;server=GENERAL0100002C;cloudType=Consumer;environment=Prod_EastUS2_000e;migrationStage=NotStarted}
{"logTime": "1106/045136", "correlationVector":"4QRVhPsu2wngPPErC7yX+n","action":"DoCompareDataConsistency requsted types: ", "result":"Bookmarks, Preferences, Passwords, Typed URLs, Extensions, Extension settings, History Delete Directives, Send Tab To Self, Web Apps, Collection, Edge E Drop, Edge Tab Group, Edge Wallet, Encryption Keys"}
{"logTime": "1106/045136", "correlationVector":"4QRVhPsu2wngPPErC7yX+n.0","action":"CompareDataConsistency result: ", "result":"Compare result: Encryption Keys is consistent. local entities count is: 1 local entities hash is: /GGyoo5BbrZ2EDwiTcbNplDMdps="}
{"logTime": "1106/045136", "correlationVector":"4QRVhPsu2wngPPErC7yX+n.1","action":"CompareDataConsistency result: ", "result":"Compare result: Bookmarks is consistent. local entities count is: 3 local entities hash is: ZTAd8nZFE2+T41x1tr6bUdxOXgI="}
{"logTime": "1106/045136", "correlationVector":"4QRVhPsu2wngPPErC7yX+n.2","action":"CompareDataConsistency result: ", "result":"Compare result: Preferences is consistent. local entities count is: 39 local entities hash is: i0Bj/g7fLQUsOPCHg7H7xmS2wMI="}
{"logTime": "1106/045136", "correlationVector":"4QRVhPsu2wngPPErC7yX+n.3","action":"CompareDataConsistency result: ", "result":"Server did not send this Typed URLs local entities count is: 0 local entities hash is: "}
{"logTime": "1106/045136", "correlationVector":"4QRVhPsu2wngPPErC7yX+n.4","action":"CompareDataConsistency result: ", "result":"Compare result: Extensions is consistent. local entities count is: 0 local entities hash is: "}
{"logTime": "1106/045136", "correlationVector":"4QRVhPsu2wngPPErC7yX+n.5","action":"CompareDataConsistency result: ", "result":"Compare result: Extension settings is consistent. local entities count is: 0 local entities hash is: "}
{"logTime": "1106/045136", "correlationVector":"4QRVhPsu2wngPPErC7yX+n.6","action":"CompareDataConsistency result: ", "result":"Compare result: History Delete Directives is consistent. local entities count is: 0 local entities hash is: "}
{"logTime": "1106/045136", "correlationVector":"4QRVhPsu2wngPPErC7yX+n.7","action":"CompareDataConsistency result: ", "result":"Server did not send this Send Tab To Self local entities count is: 0 local entities hash is: "}
{"logTime": "1106/045136", "correlationVector":"4QRVhPsu2wngPPErC7yX+n.8","action":"CompareDataConsistency result: ", "result":"Compare result: Web Apps is consistent. local entities count is: 0 local entities hash is: "}
{"logTime": "1106/045136", "correlationVector":"4QRVhPsu2wngPPErC7yX+n.9","action":"CompareDataConsistency result: ", "result":"Compare result: Collection is consistent. local entities count is: 0 local entities hash is: "}
{"logTime": "1106/045136", "correlationVector":"4QRVhPsu2wngPPErC7yX+n.10","action":"CompareDataConsistency result: ", "result":"Compare result: Edge E Drop is consistent. local entities count is: 0 local entities hash is: "}
{"logTime": "1106/045136", "correlationVector":"4QRVhPsu2wngPPErC7yX+n.11","action":"CompareDataConsistency result: ", "result":"Compare result: Edge Tab Group is consistent. local entities count is: 0 local entities hash is: "}
{"logTime": "1106/045136", "correlationVector":"4QRVhPsu2wngPPErC7yX+n.12","action":"CompareDataConsistency result: ", "result":"Compare result: Edge Wallet is consistent. local entities count is: 0 local entities hash is: "}
{"logTime": "1106/045136", "correlationVector":"4QRVhPsu2wngPPErC7yX+n.13","action":"CompareDataConsistency result: ", "result":"Compare result: Passwords is consistent. local entities count is: 4 local entities hash is: yCmjhIvriD+j+X6GL2pVkY+kJSo="}
{"logTime": "1106/045136", "correlationVector":"WSXZAeJzR0UOIQs9aEI9xX","action":"Commit Request", "result":"", "context":Item count: 1
Contributing types: Sessions}
{"logTime": "1106/045137", "correlationVector":"WSXZAeJzR0UOIQs9aEI9xX.1","action":"SyncServerConnectionManagerRequest", "result":"SYNC_SERVER_OK", "context":{"environment":"Prod_EastUS2_000e", "migrationStage":"NotStarted", "server":"GENERAL0100000P"}}
{"logTime": "1106/045137", "correlationVector":"WSXZAeJzR0UOIQs9aEI9xX.2","action":"Commit Response", "result":"Success", "context":Result: Success. cV=WSXZAeJzR0UOIQs9aEI9xX.0;server=GENERAL0100000P;cloudType=Consumer;environment=Prod_EastUS2_000e;migrationStage=NotStarted}
{"logTime": "1106/045137", "correlationVector":"","action":"DIAGNOSTIC_REQUEST|v1/diagnosticData/Diagnostic.SendCheckResult()|SUCCESS", "result":""}
{"logTime": "1106/045139", "correlationVector":"qe/sLu/VhHYPdP29kMFfU1","action":"Commit Request", "result":"", "context":Item count: 2
Contributing types: Preferences}
{"logTime": "1106/045140", "correlationVector":"qe/sLu/VhHYPdP29kMFfU1.1","action":"SyncServerConnectionManagerRequest", "result":"SYNC_SERVER_OK", "context":{"environment":"Prod_EastUS2_000e", "migrationStage":"NotStarted", "server":"GENERAL0100001A"}}
{"logTime": "1106/045140", "correlationVector":"qe/sLu/VhHYPdP29kMFfU1.2","action":"Commit Response", "result":"Success", "context":Result: Success. cV=qe/sLu/VhHYPdP29kMFfU1.0;server=GENERAL0100001A;cloudType=Consumer;environment=Prod_EastUS2_000e;migrationStage=NotStarted}
{"logTime": "1106/045615", "correlationVector":"GCUmA4Z/+Cj5XDoAUs+bsU","action":"Commit Request", "result":"", "context":Item count: 1
Contributing types: Sessions}
{"logTime": "1106/045615", "correlationVector":"GCUmA4Z/+Cj5XDoAUs+bsU.1","action":"SyncServerConnectionManagerRequest", "result":"SYNC_SERVER_OK", "context":{"environment":"Prod_EastUS2_000e", "migrationStage":"NotStarted", "server":"GENERAL0100000S"}}
{"logTime": "1106/045615", "correlationVector":"GCUmA4Z/+Cj5XDoAUs+bsU.2","action":"Commit Response", "result":"Success", "context":Result: Success. cV=GCUmA4Z/+Cj5XDoAUs+bsU.0;server=GENERAL0100000S;cloudType=Consumer;environment=Prod_EastUS2_000e;migrationStage=NotStarted}
{"logTime": "1106/045630", "correlationVector":"wW7q8WYfGiPxtcre7xYJNF","action":"Normal GetUpdate request", "result":"", "context":cV=wW7q8WYfGiPxtcre7xYJNF
Nudged types: Sessions
Refresh requested types: Bookmarks, Preferences, Passwords, Autofill Profiles, Autofill, Typed URLs, Extensions, Sessions, Extension settings, History Delete Directives, Device Info, User Consents, Send Tab To Self, Web Apps, Collection, Edge E Drop, Edge Hub App Usage, Edge Tab Group, Edge Wallet, Encryption Keys}
{"logTime": "1106/045630", "correlationVector":"wW7q8WYfGiPxtcre7xYJNF.1","action":"SyncServerConnectionManagerRequest", "result":"SYNC_SERVER_OK", "context":{"environment":"Prod_EastUS2_000e", "migrationStage":"NotStarted", "server":"GENERAL01000021"}}
{"logTime": "1106/045630", "correlationVector":"wW7q8WYfGiPxtcre7xYJNF.2","action":"GetUpdates Response", "result":"Success", "context":Received 3 update(s). cV=wW7q8WYfGiPxtcre7xYJNF.0;server=GENERAL01000021;cloudType=Consumer;environment=Prod_EastUS2_000e;migrationStage=NotStarted}
{"logTime": "1106/045630", "correlationVector":"qp3QkzZif6ueF2gOahWHdC","action":"Commit Request", "result":"", "context":Item count: 1
Contributing types: Sessions}
{"logTime": "1106/045631", "correlationVector":"qp3QkzZif6ueF2gOahWHdC.1","action":"SyncServerConnectionManagerRequest", "result":"SYNC_SERVER_OK", "context":{"environment":"Prod_EastUS2_000e", "migrationStage":"NotStarted", "server":"GENERAL01000029"}}
{"logTime": "1106/045631", "correlationVector":"qp3QkzZif6ueF2gOahWHdC.2","action":"Commit Response", "result":"Success", "context":Result: Success. cV=qp3QkzZif6ueF2gOahWHdC.0;server=GENERAL01000029;cloudType=Consumer;environment=Prod_EastUS2_000e;migrationStage=NotStarted}
{"logTime": "1106/045701", "correlationVector":"BMiXUO0kXsVrkwhTR/YuRK","action":"Commit Request", "result":"", "context":Item count: 1
Contributing types: Sessions}
{"logTime": "1106/045701", "correlationVector":"BMiXUO0kXsVrkwhTR/YuRK.1","action":"SyncServerConnectionManagerRequest", "result":"SYNC_SERVER_OK", "context":{"environment":"Prod_EastUS2_000e", "migrationStage":"NotStarted", "server":"GENERAL0100000M"}}
{"logTime": "1106/045701", "correlationVector":"BMiXUO0kXsVrkwhTR/YuRK.2","action":"Commit Response", "result":"Success", "context":Result: Success. cV=BMiXUO0kXsVrkwhTR/YuRK.0;server=GENERAL0100000M;cloudType=Consumer;environment=Prod_EastUS2_000e;migrationStage=NotStarted}
