2024-11-06T04:51:28.322Z P:10808 T:6348] SyncServiceImpl::ResetEngine,Reset engine with reason: 8
2024-11-06T04:51:28.322Z P:10808 T:6348] ModelLoadManager::Stop,Stopped: Bookmarks
2024-11-06T04:51:28.322Z P:10808 T:6348] ModelLoadManager::Stop,Stopped: Preferences
2024-11-06T04:51:28.322Z P:10808 T:6348] ModelLoadManager::Stop,Stopped: Passwords
2024-11-06T04:51:28.322Z P:10808 T:6348] ModelLoadManager::Stop,Stopped: Autofill Profiles
2024-11-06T04:51:28.322Z P:10808 T:6348] ModelLoadManager::Stop,Stopped: Autofill
2024-11-06T04:51:28.322Z P:10808 T:6348] ModelLoadManager::Stop,Stopped: Typed URLs
2024-11-06T04:51:28.322Z P:10808 T:6348] ModelLoadManager::Stop,Stopped: Extensions
2024-11-06T04:51:28.322Z P:10808 T:6348] ModelLoadManager::Stop,Stopped: Sessions
2024-11-06T04:51:28.322Z P:10808 T:6348] ModelLoadManager::Stop,Stopped: Extension settings
2024-11-06T04:51:28.322Z P:10808 T:6348] ModelLoadManager::Stop,Stopped: History Delete Directives
2024-11-06T04:51:28.322Z P:10808 T:6348] ModelLoadManager::Stop,Stopped: Device Info
2024-11-06T04:51:28.322Z P:10808 T:6348] ModelLoadManager::Stop,Stopped: User Consents
2024-11-06T04:51:28.322Z P:10808 T:6348] ModelLoadManager::Stop,Stopped: Send Tab To Self
2024-11-06T04:51:28.322Z P:10808 T:6348] ModelLoadManager::Stop,Stopped: Web Apps
2024-11-06T04:51:28.322Z P:10808 T:6348] ModelLoadManager::Stop,Stopped: History
2024-11-06T04:51:28.322Z P:10808 T:6348] ModelLoadManager::Stop,Stopped: Collection
2024-11-06T04:51:28.322Z P:10808 T:6348] ModelLoadManager::Stop,Stopped: Edge E Drop
2024-11-06T04:51:28.322Z P:10808 T:6348] ModelLoadManager::Stop,Stopped: Edge Hub App Usage
2024-11-06T04:51:28.322Z P:10808 T:6348] ModelLoadManager::Stop,Stopped: Edge Tab Group
2024-11-06T04:51:28.322Z P:10808 T:6348] ModelLoadManager::Stop,Stopped: Edge Wallet
2024-11-06T04:51:28.322Z P:10808 T:6348] SyncServiceImpl::Initialize,SyncState after authenticated was: NotSignedIn
2024-11-06T04:51:28.543Z P:10808 T:6348] SyncServiceImpl::ResetEngine,Reset engine with reason: 8
2024-11-06T04:51:28.543Z P:10808 T:6348] ModelLoadManager::Stop,Stopped: Bookmarks
2024-11-06T04:51:28.543Z P:10808 T:6348] ModelLoadManager::Stop,Stopped: Preferences
2024-11-06T04:51:28.544Z P:10808 T:6348] ModelLoadManager::Stop,Stopped: Passwords
2024-11-06T04:51:28.544Z P:10808 T:6348] ModelLoadManager::Stop,Stopped: Autofill Profiles
2024-11-06T04:51:28.544Z P:10808 T:6348] ModelLoadManager::Stop,Stopped: Autofill
2024-11-06T04:51:28.544Z P:10808 T:6348] ModelLoadManager::Stop,Stopped: Typed URLs
2024-11-06T04:51:28.544Z P:10808 T:6348] ModelLoadManager::Stop,Stopped: Extensions
2024-11-06T04:51:28.544Z P:10808 T:6348] ModelLoadManager::Stop,Stopped: Sessions
2024-11-06T04:51:28.544Z P:10808 T:6348] ModelLoadManager::Stop,Stopped: Extension settings
2024-11-06T04:51:28.544Z P:10808 T:6348] ModelLoadManager::Stop,Stopped: History Delete Directives
2024-11-06T04:51:28.544Z P:10808 T:6348] ModelLoadManager::Stop,Stopped: Device Info
2024-11-06T04:51:28.544Z P:10808 T:6348] ModelLoadManager::Stop,Stopped: User Consents
2024-11-06T04:51:28.544Z P:10808 T:6348] ModelLoadManager::Stop,Stopped: Send Tab To Self
2024-11-06T04:51:28.544Z P:10808 T:6348] ModelLoadManager::Stop,Stopped: Web Apps
2024-11-06T04:51:28.544Z P:10808 T:6348] ModelLoadManager::Stop,Stopped: History
2024-11-06T04:51:28.544Z P:10808 T:6348] ModelLoadManager::Stop,Stopped: Collection
2024-11-06T04:51:28.544Z P:10808 T:6348] ModelLoadManager::Stop,Stopped: Edge E Drop
2024-11-06T04:51:28.544Z P:10808 T:6348] ModelLoadManager::Stop,Stopped: Edge Hub App Usage
2024-11-06T04:51:28.544Z P:10808 T:6348] ModelLoadManager::Stop,Stopped: Edge Tab Group
2024-11-06T04:51:28.544Z P:10808 T:6348] ModelLoadManager::Stop,Stopped: Edge Wallet
2024-11-06T04:51:29.976Z P:10808 T:6348] SyncServiceImpl::TryStartImpl,Try to start sync engine
2024-11-06T04:51:29.977Z P:10808 T:7092] SyncManagerImpl::NudgeForInitialDownload,Initial download nudge for Encryption Keys
2024-11-06T04:51:29.977Z P:10808 T:7092] SyncEngineBackend::LoadAndConnectNigoriController,Load and connect Nigori controller
2024-11-06T04:51:29.977Z P:10808 T:7092] SyncEngineBackend::DoInitialize,Control Types added: Encryption Keys
2024-11-06T04:51:29.977Z P:10808 T:7092] SyncManagerImpl::ConfigureSyncer,Types to download: Encryption Keys with reason: 3
2024-11-06T04:51:29.978Z P:10808 T:11048] SyncSchedulerImpl::DoConfigurationSyncCycleJob,Configure job was blocked
2024-11-06T04:51:30.491Z P:10808 T:6348] SyncAuthManager::SetLastAuthError,Current auth error: None
2024-11-06T04:51:30.491Z P:10808 T:6348] SyncAuthManager::EdgeLogTokenErrorState,Token error with: None for account type: MSA
2024-11-06T04:51:30.491Z P:10808 T:6348] SyncServiceImpl::CredentialsChanged,Credentials changed for: EdgeSyncScopeNew
2024-11-06T04:51:31.614Z P:10808 T:6348] SyncAuthManager::SetLastAuthError,Current auth error: None
2024-11-06T04:51:31.614Z P:10808 T:6348] SyncAuthManager::EdgeLogTokenErrorState,Token error with: None for account type: MSA
2024-11-06T04:51:31.614Z P:10808 T:6348] SyncServiceImpl::CredentialsChangedForKeyData,Credentials changed for: EdgeSyncKeyDataScope
2024-11-06T04:51:31.614Z P:10808 T:11996] SyncEngineBackend::DoUpdateKeyDataCredentials,Update key data credentials
2024-11-06T04:51:31.614Z P:10808 T:11996] SyncEngineBackend::DoUpdateCredentials,Update credentials
2024-11-06T04:51:31.614Z P:10808 T:11996] SyncSchedulerImpl::DoConfigurationSyncCycleJob,Blocked types:  and types to download: Encryption Keys
2024-11-06T04:51:32.476Z P:10808 T:6348] SyncServiceImpl::OnEngineInitialized,Initialize engine with: Success
2024-11-06T04:51:32.476Z P:10808 T:6348] SyncServiceImpl::ConfigureDataTypeManager,Configure DataTypeManager with reason: 4
2024-11-06T04:51:32.476Z P:10808 T:6348] DataTypeManagerImpl::ConfigureImpl,Configuring types: Bookmarks, Preferences, Passwords, Autofill Profiles, Autofill, Typed URLs, Extensions, Sessions, Extension settings, History Delete Directives, Device Info, User Consents, Send Tab To Self, Web Apps, Collection, Edge E Drop, Edge Hub App Usage, Edge Tab Group, Edge Wallet, Encryption Keys with reason: 3 and current state: 0
2024-11-06T04:51:32.477Z P:10808 T:6348] ModelLoadManager::Configure,Desired types without errors: Bookmarks, Preferences, Typed URLs, Extensions, Sessions, Extension settings, History Delete Directives, Device Info, User Consents, Send Tab To Self, Web Apps, Collection, Edge E Drop, Edge Hub App Usage, Edge Tab Group, Edge Wallet, Encryption Keys and types with errors: Passwords, Autofill Profiles, Autofill
2024-11-06T04:51:32.477Z P:10808 T:6348] ModelLoadManager::LoadDesiredTypes,Loading type: Bookmarks
2024-11-06T04:51:32.477Z P:10808 T:6348] ModelLoadManager::LoadDesiredTypes,Loading type: Preferences
2024-11-06T04:51:32.477Z P:10808 T:6348] ModelLoadManager::LoadDesiredTypes,Loading type: Typed URLs
2024-11-06T04:51:32.477Z P:10808 T:6348] ModelLoadManager::LoadDesiredTypes,Loading type: Extensions
2024-11-06T04:51:32.477Z P:10808 T:6348] ModelLoadManager::LoadDesiredTypes,Loading type: Sessions
2024-11-06T04:51:32.477Z P:10808 T:6348] ModelLoadManager::LoadDesiredTypes,Loading type: Extension settings
2024-11-06T04:51:32.477Z P:10808 T:6348] ModelLoadManager::LoadDesiredTypes,Loading type: History Delete Directives
2024-11-06T04:51:32.477Z P:10808 T:6348] ModelLoadManager::LoadDesiredTypes,Loading type: Device Info
2024-11-06T04:51:32.477Z P:10808 T:6348] ModelLoadManager::LoadDesiredTypes,Loading type: User Consents
2024-11-06T04:51:32.477Z P:10808 T:6348] ModelLoadManager::LoadDesiredTypes,Loading type: Send Tab To Self
2024-11-06T04:51:32.477Z P:10808 T:6348] ModelLoadManager::LoadDesiredTypes,Loading type: Web Apps
2024-11-06T04:51:32.477Z P:10808 T:6348] ModelLoadManager::LoadDesiredTypes,Loading type: Collection
2024-11-06T04:51:32.477Z P:10808 T:6348] ModelLoadManager::LoadDesiredTypes,Loading type: Edge E Drop
2024-11-06T04:51:32.477Z P:10808 T:6348] ModelLoadManager::LoadDesiredTypes,Loading type: Edge Hub App Usage
2024-11-06T04:51:32.477Z P:10808 T:6348] ModelLoadManager::LoadDesiredTypes,Loading type: Edge Tab Group
2024-11-06T04:51:32.477Z P:10808 T:6348] ModelLoadManager::LoadDesiredTypes,Loading type: Edge Wallet
2024-11-06T04:51:32.478Z P:10808 T:6348] DataTypeManagerImpl::OnAllDataTypesReadyForConfigure,Start to configure data types
2024-11-06T04:51:32.478Z P:10808 T:6348] DataTypeManagerImpl::StartNextConfiguration,Remain to be configured size: 4 and next configuring types are: Encryption Keys
2024-11-06T04:51:32.478Z P:10808 T:6348] DataTypeManagerImpl::PrepareConfigureParams,Prepare to be configured types:  with disabled types: Passwords, Autofill Profiles, Autofill, Autofill Wallet, Autofill Wallet Metadata, Autofill Wallet Offer, Autofill Custom Data, Edge Autofill Form Field Data, Edge Autofill Form Field Ss Data, Themes, Search Engines, Apps, App settings, Dictionary, Priority Preferences, Managed User Settings, App List, Arc Package, Printers, Reading List, User Events, Security Events, Wifi Configurations, OS Preferences, OS Priority Preferences, Sharing Message, Workspace Desk, History, Saved Tab Group, Shared Tab Group Data, Collaboration Group, Plus Address, Product Comparison, Cookies, Plus Address Setting, Collections Metadata, Edge Hub App
2024-11-06T04:51:32.770Z P:10808 T:6348] SyncServiceImpl::ConfigureDataTypeManager,Configure DataTypeManager with reason: 5
2024-11-06T04:51:32.770Z P:10808 T:6348] DataTypeManagerImpl::ConfigureImpl,Configuring types: Bookmarks, Preferences, Passwords, Autofill Profiles, Autofill, Typed URLs, Extensions, Sessions, Extension settings, History Delete Directives, Device Info, User Consents, Send Tab To Self, Web Apps, Collection, Edge E Drop, Edge Hub App Usage, Edge Tab Group, Edge Wallet, Encryption Keys with reason: 5 and current state: 1
2024-11-06T04:51:32.771Z P:10808 T:11996] SyncEngineBackend::DoStartConfiguration,Start configuration
2024-11-06T04:51:32.771Z P:10808 T:11996] SyncManagerImpl::NudgeForInitialDownload,Initial download nudge for Bookmarks
2024-11-06T04:51:32.771Z P:10808 T:11996] SyncManagerImpl::NudgeForInitialDownload,Initial download nudge for Preferences
2024-11-06T04:51:32.771Z P:10808 T:11996] SyncManagerImpl::NudgeForInitialDownload,Initial download nudge for Typed URLs
2024-11-06T04:51:32.771Z P:10808 T:4340] SyncManagerImpl::NudgeForInitialDownload,Initial download nudge for Extensions
2024-11-06T04:51:32.771Z P:10808 T:4340] SyncManagerImpl::NudgeForInitialDownload,Initial download nudge for Sessions
2024-11-06T04:51:32.771Z P:10808 T:4340] SyncManagerImpl::NudgeForInitialDownload,Initial download nudge for Extension settings
2024-11-06T04:51:32.771Z P:10808 T:4340] SyncManagerImpl::NudgeForInitialDownload,Initial download nudge for History Delete Directives
2024-11-06T04:51:32.771Z P:10808 T:4340] SyncManagerImpl::NudgeForInitialDownload,Initial download nudge for Device Info
2024-11-06T04:51:32.771Z P:10808 T:4340] SyncManagerImpl::NudgeForInitialDownload,Initial download nudge for Send Tab To Self
2024-11-06T04:51:32.771Z P:10808 T:4340] SyncManagerImpl::NudgeForInitialDownload,Initial download nudge for Web Apps
2024-11-06T04:51:32.771Z P:10808 T:4340] SyncManagerImpl::NudgeForInitialDownload,Initial download nudge for Collection
2024-11-06T04:51:32.771Z P:10808 T:4340] SyncManagerImpl::NudgeForInitialDownload,Initial download nudge for Edge E Drop
2024-11-06T04:51:32.771Z P:10808 T:4340] SyncManagerImpl::NudgeForInitialDownload,Initial download nudge for Edge Hub App Usage
2024-11-06T04:51:32.771Z P:10808 T:4340] SyncManagerImpl::NudgeForInitialDownload,Initial download nudge for Edge Tab Group
2024-11-06T04:51:32.771Z P:10808 T:4340] SyncManagerImpl::NudgeForInitialDownload,Initial download nudge for Edge Wallet
2024-11-06T04:51:32.771Z P:10808 T:4340] SyncManagerImpl::ConfigureSyncer,Types to download:  with reason: 3
2024-11-06T04:51:32.771Z P:10808 T:4340] SyncEngineBackend::DoFinishConfigureDataTypes,Failed to download types:  and succeeded types: 
2024-11-06T04:51:32.771Z P:10808 T:6348] DataTypeManagerImpl::ConfigurationCompleted,Need reconfigure with failed types: 
2024-11-06T04:51:32.771Z P:10808 T:6348] DataTypeManagerImpl::ConfigureImpl,Configuring types: Bookmarks, Preferences, Passwords, Autofill Profiles, Autofill, Typed URLs, Extensions, Sessions, Extension settings, History Delete Directives, Device Info, User Consents, Send Tab To Self, Web Apps, Collection, Edge E Drop, Edge Hub App Usage, Edge Tab Group, Edge Wallet, Encryption Keys with reason: 5 and current state: 2
2024-11-06T04:51:32.771Z P:10808 T:6348] ModelLoadManager::Configure,Desired types without errors: Bookmarks, Preferences, Passwords, Autofill Profiles, Autofill, Typed URLs, Extensions, Sessions, Extension settings, History Delete Directives, Device Info, User Consents, Send Tab To Self, Web Apps, Collection, Edge E Drop, Edge Hub App Usage, Edge Tab Group, Edge Wallet, Encryption Keys and types with errors: 
2024-11-06T04:51:32.771Z P:10808 T:6348] ModelLoadManager::LoadDesiredTypes,Loading type: Passwords
2024-11-06T04:51:32.771Z P:10808 T:6348] ModelLoadManager::LoadDesiredTypes,Loading type: Autofill Profiles
2024-11-06T04:51:32.771Z P:10808 T:6348] ModelLoadManager::LoadDesiredTypes,Loading type: Autofill
2024-11-06T04:51:32.771Z P:10808 T:6348] DataTypeManagerImpl::OnAllDataTypesReadyForConfigure,Start to configure data types
2024-11-06T04:51:32.771Z P:10808 T:6348] DataTypeManagerImpl::StartNextConfiguration,Remain to be configured size: 4 and next configuring types are: Encryption Keys
2024-11-06T04:51:32.771Z P:10808 T:6348] DataTypeManagerImpl::PrepareConfigureParams,Prepare to be configured types:  with disabled types: Autofill Wallet, Autofill Wallet Metadata, Autofill Wallet Offer, Autofill Custom Data, Edge Autofill Form Field Data, Edge Autofill Form Field Ss Data, Themes, Search Engines, Apps, App settings, Dictionary, Priority Preferences, Managed User Settings, App List, Arc Package, Printers, Reading List, User Events, Security Events, Wifi Configurations, OS Preferences, OS Priority Preferences, Sharing Message, Workspace Desk, History, Saved Tab Group, Shared Tab Group Data, Collaboration Group, Plus Address, Product Comparison, Cookies, Plus Address Setting, Collections Metadata, Edge Hub App
2024-11-06T04:51:32.771Z P:10808 T:11996] SyncManagerImpl::NudgeForInitialDownload,Initial download nudge for Passwords
2024-11-06T04:51:32.771Z P:10808 T:11996] SyncManagerImpl::NudgeForInitialDownload,Initial download nudge for Autofill Profiles
2024-11-06T04:51:32.771Z P:10808 T:11996] SyncManagerImpl::NudgeForInitialDownload,Initial download nudge for Autofill
2024-11-06T04:51:32.771Z P:10808 T:11996] SyncManagerImpl::ConfigureSyncer,Types to download:  with reason: 5
2024-11-06T04:51:32.771Z P:10808 T:11996] SyncEngineBackend::DoFinishConfigureDataTypes,Failed to download types:  and succeeded types: 
2024-11-06T04:51:32.771Z P:10808 T:6348] DataTypeManagerImpl::ConfigurationCompleted,Remain to be configured size: 3
2024-11-06T04:51:32.771Z P:10808 T:6348] DataTypeManagerImpl::StartNextConfiguration,Remain to be configured size: 3 and next configuring types are: Preferences, Passwords, Device Info, Send Tab To Self, Edge E Drop
2024-11-06T04:51:32.771Z P:10808 T:6348] DataTypeManagerImpl::PrepareConfigureParams,Prepare to be configured types: Preferences, Passwords, Device Info, Send Tab To Self, Edge E Drop, Encryption Keys with disabled types: Autofill Wallet, Autofill Wallet Metadata, Autofill Wallet Offer, Autofill Custom Data, Edge Autofill Form Field Data, Edge Autofill Form Field Ss Data, Themes, Search Engines, Apps, App settings, Dictionary, Priority Preferences, Managed User Settings, App List, Arc Package, Printers, Reading List, User Events, Security Events, Wifi Configurations, OS Preferences, OS Priority Preferences, Sharing Message, Workspace Desk, History, Saved Tab Group, Shared Tab Group Data, Collaboration Group, Plus Address, Product Comparison, Cookies, Plus Address Setting, Collections Metadata, Edge Hub App
2024-11-06T04:51:32.771Z P:10808 T:11996] SyncManagerImpl::ConfigureSyncer,Types to download: Preferences, Passwords, Device Info, Send Tab To Self, Edge E Drop, Encryption Keys with reason: 5
2024-11-06T04:51:32.771Z P:10808 T:11996] SyncSchedulerImpl::DoConfigurationSyncCycleJob,Blocked types:  and types to download: Preferences, Passwords, Device Info, Send Tab To Self, Edge E Drop, Encryption Keys
2024-11-06T04:51:33.246Z P:10808 T:11996] SyncEngineBackend::DoFinishConfigureDataTypes,Failed to download types:  and succeeded types: Preferences, Passwords, Device Info, Send Tab To Self, Edge E Drop, Encryption Keys
2024-11-06T04:51:33.247Z P:10808 T:6348] DataTypeManagerImpl::ConfigurationCompleted,Remain to be configured size: 2
2024-11-06T04:51:33.247Z P:10808 T:6348] DataTypeManagerImpl::StartNextConfiguration,Remain to be configured size: 2 and next configuring types are: Bookmarks
2024-11-06T04:51:33.247Z P:10808 T:6348] DataTypeManagerImpl::PrepareConfigureParams,Prepare to be configured types: Bookmarks, Encryption Keys with disabled types: Autofill Wallet, Autofill Wallet Metadata, Autofill Wallet Offer, Autofill Custom Data, Edge Autofill Form Field Data, Edge Autofill Form Field Ss Data, Themes, Search Engines, Apps, App settings, Dictionary, Priority Preferences, Managed User Settings, App List, Arc Package, Printers, Reading List, User Events, Security Events, Wifi Configurations, OS Preferences, OS Priority Preferences, Sharing Message, Workspace Desk, History, Saved Tab Group, Shared Tab Group Data, Collaboration Group, Plus Address, Product Comparison, Cookies, Plus Address Setting, Collections Metadata, Edge Hub App
2024-11-06T04:51:33.247Z P:10808 T:11996] SyncManagerImpl::ConfigureSyncer,Types to download: Bookmarks, Encryption Keys with reason: 5
2024-11-06T04:51:33.247Z P:10808 T:11996] SyncSchedulerImpl::DoConfigurationSyncCycleJob,Blocked types:  and types to download: Bookmarks, Encryption Keys
2024-11-06T04:51:33.661Z P:10808 T:11996] SyncEngineBackend::DoFinishConfigureDataTypes,Failed to download types:  and succeeded types: Bookmarks, Encryption Keys
2024-11-06T04:51:33.662Z P:10808 T:6348] DataTypeManagerImpl::ConfigurationCompleted,Remain to be configured size: 1
2024-11-06T04:51:33.662Z P:10808 T:6348] DataTypeManagerImpl::StartNextConfiguration,Remain to be configured size: 1 and next configuring types are: Autofill Profiles, Autofill, Typed URLs, Extensions, Sessions, Extension settings, History Delete Directives, User Consents, Web Apps, Collection, Edge Hub App Usage, Edge Tab Group, Edge Wallet
2024-11-06T04:51:33.662Z P:10808 T:6348] DataTypeManagerImpl::PrepareConfigureParams,Prepare to be configured types: Autofill Profiles, Autofill, Typed URLs, Extensions, Sessions, Extension settings, History Delete Directives, Web Apps, Collection, Edge Hub App Usage, Edge Tab Group, Edge Wallet, Encryption Keys with disabled types: Autofill Wallet, Autofill Wallet Metadata, Autofill Wallet Offer, Autofill Custom Data, Edge Autofill Form Field Data, Edge Autofill Form Field Ss Data, Themes, Search Engines, Apps, App settings, Dictionary, Priority Preferences, Managed User Settings, App List, Arc Package, Printers, Reading List, User Events, Security Events, Wifi Configurations, OS Preferences, OS Priority Preferences, Sharing Message, Workspace Desk, History, Saved Tab Group, Shared Tab Group Data, Collaboration Group, Plus Address, Product Comparison, Cookies, Plus Address Setting, Collections Metadata, Edge Hub App
2024-11-06T04:51:33.662Z P:10808 T:11996] SyncManagerImpl::ConfigureSyncer,Types to download: Autofill Profiles, Autofill, Typed URLs, Extensions, Sessions, Extension settings, History Delete Directives, Web Apps, Collection, Edge Hub App Usage, Edge Tab Group, Edge Wallet, Encryption Keys with reason: 5
2024-11-06T04:51:33.662Z P:10808 T:11996] SyncSchedulerImpl::DoConfigurationSyncCycleJob,Blocked types:  and types to download: Autofill Profiles, Autofill, Typed URLs, Extensions, Sessions, Extension settings, History Delete Directives, Web Apps, Collection, Edge Hub App Usage, Edge Tab Group, Edge Wallet, Encryption Keys
2024-11-06T04:51:34.418Z P:10808 T:11996] SyncEngineBackend::DoFinishConfigureDataTypes,Failed to download types:  and succeeded types: Autofill Profiles, Autofill, Typed URLs, Extensions, Sessions, Extension settings, History Delete Directives, Web Apps, Collection, Edge Hub App Usage, Edge Tab Group, Edge Wallet, Encryption Keys
2024-11-06T04:51:34.419Z P:10808 T:6348] DataTypeManagerImpl::ConfigurationCompleted,Remain to be configured size: 0
2024-11-06T04:51:34.420Z P:10808 T:6348] SyncServiceImpl::OnConfigureDone,Configure DataTypeManager with: Ok
2024-11-06T04:51:34.421Z P:10808 T:11996] SyncEngineBackend::DoStartSyncing,Start syncing
2024-11-06T04:58:21.568Z P:10808 T:6348] SyncServiceImpl::ResetEngine,Reset engine with reason: 0
2024-11-06T04:58:21.568Z P:10808 T:6348] SyncServiceImpl::ResetEngine,Reset engine with reason: 0
2024-11-27 23:52:54.400: [INFO][Sync] SyncState after authenticated was: FeatureNotRequestedNotSetup
2024-11-27 23:52:54.802: [INFO][Sync] Try to start sync engine
2024-11-27 23:52:54.803: [INFO][SyncManagerImpl::NudgeForInitialDownload] Initial download nudge for Encryption Keys
2024-11-27 23:52:54.803: [INFO][SyncEngineBackend::LoadAndConnectNigoriController] Load and connect Nigori controller
2024-11-27 23:52:54.803: [INFO][SyncEngineBackend::DoInitialize] Control Types added: Encryption Keys
2024-11-27 23:52:54.803: [INFO][SyncManagerImpl::ConfigureSyncer] Types to download: Encryption Keys with reason: 3
2024-11-27 23:52:54.803: [INFO][SyncSchedulerImpl::DoConfigurationSyncCycleJob] Configure job was blocked
2024-11-27 23:52:55.686: [INFO][SyncAuthManager::SetLastAuthError] Current auth error: None
2024-11-27 23:52:55.686: [INFO][SyncAuthManager::EdgeLogTokenErrorState] Token error with: None for account type: MSA
2024-11-27 23:52:55.687: [INFO][Sync] Credentials changed for: EdgeSyncScopeNew
2024-11-27 23:53:48.782: [INFO][Sync] Reset engine, reason: 0
2024-11-27 23:53:48.782: [INFO][Sync] Reset engine with reason: 0
